<?xml version="1.0" encoding="UTF-8"?>
<testsuite name="wdsr.exercise4.sender.SendTest" tests="3" skipped="0" failures="0" errors="0" timestamp="2016-05-13T10:26:38" hostname="Rafał-Komputer" time="5.295">
  <properties/>
  <testcase name="shouldSendObjectMessageToQueue" classname="wdsr.exercise4.sender.SendTest" time="1.651"/>
  <testcase name="shouldSendTextMessageToQueue" classname="wdsr.exercise4.sender.SendTest" time="1.453"/>
  <testcase name="shouldSendMapMessageToTopic" classname="wdsr.exercise4.sender.SendTest" time="1.437"/>
  <system-out><![CDATA[8612 [Test worker] INFO  org.apache.activemq.broker.BrokerService [] - Using Persistence Adapter: KahaDBPersistenceAdapter[H:\WDSR\exercise4\activemq-data\localhost\KahaDB]
8614 [JMX connector] INFO  org.apache.activemq.broker.jmx.ManagementContext [] - JMX consoles can connect to service:jmx:rmi:///jndi/rmi://localhost:1099/jmxrmi
8831 [Test worker] INFO  org.apache.activemq.store.kahadb.MessageDatabase [] - KahaDB is version 6
8832 [Test worker] INFO  org.apache.activemq.store.kahadb.MessageDatabase [] - Recovering from the journal @1:1594693
8832 [Test worker] INFO  org.apache.activemq.store.kahadb.MessageDatabase [] - Recovery replayed 1 operations from the journal in 0.0 seconds.
8833 [Test worker] INFO  org.apache.activemq.store.kahadb.plist.PListStoreImpl [] - PListStore:[H:\WDSR\exercise4\activemq-data\localhost\tmp_storage] started
8834 [Test worker] INFO  org.apache.activemq.broker.BrokerService [] - Apache ActiveMQ 5.13.2 (localhost, ID:Rafa-Komputer-61804-1463135191596-0:6) is starting
8841 [Test worker] INFO  org.apache.activemq.transport.TransportServerThreadSupport [] - Listening for connections at: tcp://127.0.0.1:62616?deleteAllMessagesOnStartup=true
8841 [Test worker] INFO  org.apache.activemq.broker.TransportConnector [] - Connector tcp://localhost:62616?deleteAllMessagesOnStartup=true started
8842 [Test worker] INFO  org.apache.activemq.broker.BrokerService [] - Apache ActiveMQ 5.13.2 (localhost, ID:Rafa-Komputer-61804-1463135191596-0:6) started
8842 [Test worker] INFO  org.apache.activemq.broker.BrokerService [] - For help or more information please see: http://activemq.apache.org
8849 [Test worker] WARN  org.apache.activemq.broker.BrokerService [] - Store limit is 102400 mb (current store usage is 1 mb). The data directory: H:\WDSR\exercise4\activemq-data\localhost\KahaDB only has 8615 mb of usable space. - resetting to maximum available disk space: 8615 mb
8854 [Test worker] WARN  org.apache.activemq.broker.BrokerService [] - Temporary Store limit is 51200 mb (current store usage is 0 mb). The data directory: H:\WDSR\exercise4\activemq-data\localhost only has 8613 mb of usable space. - resetting to maximum available disk space: 8613 mb
8997 [Test worker] INFO  org.apache.activemq.broker.TransportConnector [] - Connector vm://localhost started
9013 [Test worker] INFO  org.apache.activemq.broker.TransportConnector [] - Connector vm://localhost stopped
10027 [Test worker] INFO  org.apache.activemq.broker.BrokerService [] - Apache ActiveMQ 5.13.2 (localhost, ID:Rafa-Komputer-61804-1463135191596-0:6) is shutting down
10046 [Test worker] INFO  org.apache.activemq.broker.TransportConnector [] - Connector tcp://localhost:62616?deleteAllMessagesOnStartup=true stopped
10047 [Test worker] INFO  org.apache.activemq.store.kahadb.plist.PListStoreImpl [] - PListStore:[H:\WDSR\exercise4\activemq-data\localhost\tmp_storage] stopped
10047 [Test worker] INFO  org.apache.activemq.store.kahadb.KahaDBStore [] - Stopping async queue tasks
10047 [Test worker] INFO  org.apache.activemq.store.kahadb.KahaDBStore [] - Stopping async topic tasks
10047 [Test worker] INFO  org.apache.activemq.store.kahadb.KahaDBStore [] - Stopped KahaDB
10334 [Test worker] INFO  org.apache.activemq.broker.BrokerService [] - Apache ActiveMQ 5.13.2 (localhost, ID:Rafa-Komputer-61804-1463135191596-0:6) uptime 1.726 seconds
10335 [Test worker] INFO  org.apache.activemq.broker.BrokerService [] - Apache ActiveMQ 5.13.2 (localhost, ID:Rafa-Komputer-61804-1463135191596-0:6) is shutdown
10769 [Test worker] INFO  org.apache.activemq.broker.BrokerService [] - Using Persistence Adapter: KahaDBPersistenceAdapter[H:\WDSR\exercise4\activemq-data\localhost\KahaDB]
10772 [JMX connector] INFO  org.apache.activemq.broker.jmx.ManagementContext [] - JMX consoles can connect to service:jmx:rmi:///jndi/rmi://localhost:1099/jmxrmi
10979 [Test worker] INFO  org.apache.activemq.store.kahadb.MessageDatabase [] - KahaDB is version 6
10980 [Test worker] INFO  org.apache.activemq.store.kahadb.MessageDatabase [] - Recovering from the journal @1:1604218
10980 [Test worker] INFO  org.apache.activemq.store.kahadb.MessageDatabase [] - Recovery replayed 1 operations from the journal in 0.001 seconds.
10981 [Test worker] INFO  org.apache.activemq.store.kahadb.plist.PListStoreImpl [] - PListStore:[H:\WDSR\exercise4\activemq-data\localhost\tmp_storage] started
10981 [Test worker] INFO  org.apache.activemq.broker.BrokerService [] - Apache ActiveMQ 5.13.2 (localhost, ID:Rafa-Komputer-61804-1463135191596-0:7) is starting
10987 [Test worker] INFO  org.apache.activemq.transport.TransportServerThreadSupport [] - Listening for connections at: tcp://127.0.0.1:62616?deleteAllMessagesOnStartup=true
10987 [Test worker] INFO  org.apache.activemq.broker.TransportConnector [] - Connector tcp://localhost:62616?deleteAllMessagesOnStartup=true started
10987 [Test worker] INFO  org.apache.activemq.broker.BrokerService [] - Apache ActiveMQ 5.13.2 (localhost, ID:Rafa-Komputer-61804-1463135191596-0:7) started
10988 [Test worker] INFO  org.apache.activemq.broker.BrokerService [] - For help or more information please see: http://activemq.apache.org
10995 [Test worker] WARN  org.apache.activemq.broker.BrokerService [] - Store limit is 102400 mb (current store usage is 1 mb). The data directory: H:\WDSR\exercise4\activemq-data\localhost\KahaDB only has 8615 mb of usable space. - resetting to maximum available disk space: 8615 mb
11000 [Test worker] WARN  org.apache.activemq.broker.BrokerService [] - Temporary Store limit is 51200 mb (current store usage is 0 mb). The data directory: H:\WDSR\exercise4\activemq-data\localhost only has 8613 mb of usable space. - resetting to maximum available disk space: 8613 mb
11033 [Test worker] INFO  org.apache.activemq.broker.TransportConnector [] - Connector vm://localhost started
11041 [Test worker] INFO  org.apache.activemq.broker.TransportConnector [] - Connector vm://localhost stopped
12043 [Test worker] INFO  org.apache.activemq.broker.BrokerService [] - Apache ActiveMQ 5.13.2 (localhost, ID:Rafa-Komputer-61804-1463135191596-0:7) is shutting down
12058 [Test worker] INFO  org.apache.activemq.broker.TransportConnector [] - Connector tcp://localhost:62616?deleteAllMessagesOnStartup=true stopped
12059 [Test worker] INFO  org.apache.activemq.store.kahadb.plist.PListStoreImpl [] - PListStore:[H:\WDSR\exercise4\activemq-data\localhost\tmp_storage] stopped
12060 [Test worker] INFO  org.apache.activemq.store.kahadb.KahaDBStore [] - Stopping async queue tasks
12060 [Test worker] INFO  org.apache.activemq.store.kahadb.KahaDBStore [] - Stopping async topic tasks
12060 [Test worker] INFO  org.apache.activemq.store.kahadb.KahaDBStore [] - Stopped KahaDB
12483 [Test worker] INFO  org.apache.activemq.broker.BrokerService [] - Apache ActiveMQ 5.13.2 (localhost, ID:Rafa-Komputer-61804-1463135191596-0:7) uptime 1.719 seconds
12483 [Test worker] INFO  org.apache.activemq.broker.BrokerService [] - Apache ActiveMQ 5.13.2 (localhost, ID:Rafa-Komputer-61804-1463135191596-0:7) is shutdown
12570 [Test worker] INFO  org.apache.activemq.broker.BrokerService [] - Using Persistence Adapter: KahaDBPersistenceAdapter[H:\WDSR\exercise4\activemq-data\localhost\KahaDB]
12572 [JMX connector] INFO  org.apache.activemq.broker.jmx.ManagementContext [] - JMX consoles can connect to service:jmx:rmi:///jndi/rmi://localhost:1099/jmxrmi
12787 [Test worker] INFO  org.apache.activemq.store.kahadb.MessageDatabase [] - KahaDB is version 6
12789 [Test worker] INFO  org.apache.activemq.store.kahadb.MessageDatabase [] - Recovering from the journal @1:1613743
12789 [Test worker] INFO  org.apache.activemq.store.kahadb.MessageDatabase [] - Recovery replayed 1 operations from the journal in 0.001 seconds.
12790 [Test worker] INFO  org.apache.activemq.store.kahadb.plist.PListStoreImpl [] - PListStore:[H:\WDSR\exercise4\activemq-data\localhost\tmp_storage] started
12790 [Test worker] INFO  org.apache.activemq.broker.BrokerService [] - Apache ActiveMQ 5.13.2 (localhost, ID:Rafa-Komputer-61804-1463135191596-0:8) is starting
12797 [Test worker] INFO  org.apache.activemq.transport.TransportServerThreadSupport [] - Listening for connections at: tcp://127.0.0.1:62616?deleteAllMessagesOnStartup=true
12798 [Test worker] INFO  org.apache.activemq.broker.TransportConnector [] - Connector tcp://localhost:62616?deleteAllMessagesOnStartup=true started
12798 [Test worker] INFO  org.apache.activemq.broker.BrokerService [] - Apache ActiveMQ 5.13.2 (localhost, ID:Rafa-Komputer-61804-1463135191596-0:8) started
12798 [Test worker] INFO  org.apache.activemq.broker.BrokerService [] - For help or more information please see: http://activemq.apache.org
12804 [Test worker] WARN  org.apache.activemq.broker.BrokerService [] - Store limit is 102400 mb (current store usage is 1 mb). The data directory: H:\WDSR\exercise4\activemq-data\localhost\KahaDB only has 8615 mb of usable space. - resetting to maximum available disk space: 8615 mb
12809 [Test worker] WARN  org.apache.activemq.broker.BrokerService [] - Temporary Store limit is 51200 mb (current store usage is 0 mb). The data directory: H:\WDSR\exercise4\activemq-data\localhost only has 8613 mb of usable space. - resetting to maximum available disk space: 8613 mb
12853 [Test worker] INFO  org.apache.activemq.broker.TransportConnector [] - Connector vm://localhost started
12866 [Test worker] INFO  org.apache.activemq.broker.TransportConnector [] - Connector vm://localhost stopped
13867 [Test worker] INFO  org.apache.activemq.broker.BrokerService [] - Apache ActiveMQ 5.13.2 (localhost, ID:Rafa-Komputer-61804-1463135191596-0:8) is shutting down
13874 [Test worker] INFO  org.apache.activemq.broker.TransportConnector [] - Connector tcp://localhost:62616?deleteAllMessagesOnStartup=true stopped
13876 [Test worker] INFO  org.apache.activemq.store.kahadb.plist.PListStoreImpl [] - PListStore:[H:\WDSR\exercise4\activemq-data\localhost\tmp_storage] stopped
13876 [Test worker] INFO  org.apache.activemq.store.kahadb.KahaDBStore [] - Stopping async queue tasks
13876 [Test worker] INFO  org.apache.activemq.store.kahadb.KahaDBStore [] - Stopping async topic tasks
13876 [Test worker] INFO  org.apache.activemq.store.kahadb.KahaDBStore [] - Stopped KahaDB
14289 [Test worker] INFO  org.apache.activemq.broker.BrokerService [] - Apache ActiveMQ 5.13.2 (localhost, ID:Rafa-Komputer-61804-1463135191596-0:8) uptime 1.722 seconds
14290 [Test worker] INFO  org.apache.activemq.broker.BrokerService [] - Apache ActiveMQ 5.13.2 (localhost, ID:Rafa-Komputer-61804-1463135191596-0:8) is shutdown
]]></system-out>
  <system-err><![CDATA[maj 13, 2016 12:26:37 PM org.springframework.test.context.support.DefaultTestContextBootstrapper getDefaultTestExecutionListenerClassNames
INFO: Loaded default TestExecutionListener class names from location [META-INF/spring.factories]: [org.springframework.test.context.web.ServletTestExecutionListener, org.springframework.test.context.support.DirtiesContextBeforeModesTestExecutionListener, org.springframework.test.context.support.DependencyInjectionTestExecutionListener, org.springframework.test.context.support.DirtiesContextTestExecutionListener, org.springframework.test.context.transaction.TransactionalTestExecutionListener, org.springframework.test.context.jdbc.SqlScriptsTestExecutionListener]
maj 13, 2016 12:26:37 PM org.springframework.test.context.support.DefaultTestContextBootstrapper instantiateListeners
INFO: Could not instantiate TestExecutionListener [org.springframework.test.context.web.ServletTestExecutionListener]. Specify custom listener classes or make the default listener classes (and their required dependencies) available. Offending class: [org/springframework/web/context/request/RequestAttributes]
maj 13, 2016 12:26:37 PM org.springframework.test.context.support.DefaultTestContextBootstrapper getTestExecutionListeners
INFO: Using TestExecutionListeners: [org.springframework.test.context.support.DirtiesContextBeforeModesTestExecutionListener@6f549fe2, org.springframework.test.context.support.DependencyInjectionTestExecutionListener@7fa49567, org.springframework.test.context.support.DirtiesContextTestExecutionListener@5e93ffe7, org.springframework.test.context.transaction.TransactionalTestExecutionListener@1ec35673, org.springframework.test.context.jdbc.SqlScriptsTestExecutionListener@552371c6]
maj 13, 2016 12:26:37 PM org.springframework.beans.factory.xml.XmlBeanDefinitionReader loadBeanDefinitions
INFO: Loading XML bean definitions from class path resource [spring-sendtest-context.xml]
maj 13, 2016 12:26:37 PM org.springframework.beans.factory.xml.XmlBeanDefinitionReader loadBeanDefinitions
INFO: Loading XML bean definitions from class path resource [spring-test-infrastructure.xml]
maj 13, 2016 12:26:37 PM org.springframework.context.support.GenericApplicationContext prepareRefresh
INFO: Refreshing org.springframework.context.support.GenericApplicationContext@ef7d9a8: startup date [Fri May 13 12:26:37 CEST 2016]; root of context hierarchy
maj 13, 2016 12:26:37 PM org.springframework.beans.factory.annotation.AutowiredAnnotationBeanPostProcessor <init>
INFO: JSR-330 'javax.inject.Inject' annotation found and supported for autowiring
maj 13, 2016 12:26:38 PM org.springframework.context.support.DefaultLifecycleProcessor start
INFO: Starting beans in phase 2147483647
maj 13, 2016 12:26:38 PM org.springframework.context.support.GenericApplicationContext doClose
INFO: Closing org.springframework.context.support.GenericApplicationContext@ef7d9a8: startup date [Fri May 13 12:26:37 CEST 2016]; root of context hierarchy
maj 13, 2016 12:26:38 PM org.springframework.context.support.DefaultLifecycleProcessor stop
INFO: Stopping beans in phase 2147483647
maj 13, 2016 12:26:39 PM org.springframework.beans.factory.xml.XmlBeanDefinitionReader loadBeanDefinitions
INFO: Loading XML bean definitions from class path resource [spring-sendtest-context.xml]
maj 13, 2016 12:26:39 PM org.springframework.beans.factory.xml.XmlBeanDefinitionReader loadBeanDefinitions
INFO: Loading XML bean definitions from class path resource [spring-test-infrastructure.xml]
maj 13, 2016 12:26:39 PM org.springframework.context.support.GenericApplicationContext prepareRefresh
INFO: Refreshing org.springframework.context.support.GenericApplicationContext@4033766: startup date [Fri May 13 12:26:39 CEST 2016]; root of context hierarchy
maj 13, 2016 12:26:39 PM org.springframework.beans.factory.annotation.AutowiredAnnotationBeanPostProcessor <init>
INFO: JSR-330 'javax.inject.Inject' annotation found and supported for autowiring
maj 13, 2016 12:26:40 PM org.springframework.context.support.DefaultLifecycleProcessor start
INFO: Starting beans in phase 2147483647
maj 13, 2016 12:26:40 PM org.springframework.context.support.GenericApplicationContext doClose
INFO: Closing org.springframework.context.support.GenericApplicationContext@4033766: startup date [Fri May 13 12:26:39 CEST 2016]; root of context hierarchy
maj 13, 2016 12:26:40 PM org.springframework.context.support.DefaultLifecycleProcessor stop
INFO: Stopping beans in phase 2147483647
maj 13, 2016 12:26:41 PM org.springframework.beans.factory.xml.XmlBeanDefinitionReader loadBeanDefinitions
INFO: Loading XML bean definitions from class path resource [spring-sendtest-context.xml]
maj 13, 2016 12:26:41 PM org.springframework.beans.factory.xml.XmlBeanDefinitionReader loadBeanDefinitions
INFO: Loading XML bean definitions from class path resource [spring-test-infrastructure.xml]
maj 13, 2016 12:26:41 PM org.springframework.context.support.GenericApplicationContext prepareRefresh
INFO: Refreshing org.springframework.context.support.GenericApplicationContext@6037c133: startup date [Fri May 13 12:26:41 CEST 2016]; root of context hierarchy
maj 13, 2016 12:26:41 PM org.springframework.beans.factory.annotation.AutowiredAnnotationBeanPostProcessor <init>
INFO: JSR-330 'javax.inject.Inject' annotation found and supported for autowiring
maj 13, 2016 12:26:41 PM org.springframework.context.support.DefaultLifecycleProcessor start
INFO: Starting beans in phase 2147483647
maj 13, 2016 12:26:41 PM org.springframework.context.support.GenericApplicationContext doClose
INFO: Closing org.springframework.context.support.GenericApplicationContext@6037c133: startup date [Fri May 13 12:26:41 CEST 2016]; root of context hierarchy
maj 13, 2016 12:26:41 PM org.springframework.context.support.DefaultLifecycleProcessor stop
INFO: Stopping beans in phase 2147483647
]]></system-err>
</testsuite>
